  Determining projects to restore...
  All projects are up-to-date for restore.
C:\Users\cwhor\Capstone\SubnetCalc\Pages\Index.cshtml(131,1): error RZ2001: The 'page' directive may only occur once per document. [C:\Users\cwhor\Capstone\SubnetCalc\SubnetCalc.csproj]
C:\Users\cwhor\Capstone\SubnetCalc\Pages\Index.cshtml(132,1): error RZ2001: The 'model' directive may only occur once per document. [C:\Users\cwhor\Capstone\SubnetCalc\SubnetCalc.csproj]
C:\Users\cwhor\Capstone\SubnetCalc\Pages\Services\SubnetCalculator.cs(11,51): warning CS8600: Converting null literal or possible null value to non-nullable type. [C:\Users\cwhor\Capstone\SubnetCalc\SubnetCalc.csproj]
C:\Users\cwhor\Capstone\SubnetCalc\Pages\Services\SubnetCalculator.cs(24,50): warning CS8600: Converting null literal or possible null value to non-nullable type. [C:\Users\cwhor\Capstone\SubnetCalc\SubnetCalc.csproj]
C:\Users\cwhor\Capstone\SubnetCalc\Pages\SubnetResult.cs(5,23): warning CS8618: Non-nullable property 'NetworkAddress' must contain a non-null value when exiting constructor. Consider adding the 'required' modifier or declaring the property as nullable. [C:\Users\cwhor\Capstone\SubnetCalc\SubnetCalc.csproj]
C:\Users\cwhor\Capstone\SubnetCalc\Pages\SubnetResult.cs(6,23): warning CS8618: Non-nullable property 'SubnetMask' must contain a non-null value when exiting constructor. Consider adding the 'required' modifier or declaring the property as nullable. [C:\Users\cwhor\Capstone\SubnetCalc\SubnetCalc.csproj]
C:\Users\cwhor\Capstone\SubnetCalc\Pages\SubnetResult.cs(7,23): warning CS8618: Non-nullable property 'BroadcastAddress' must contain a non-null value when exiting constructor. Consider adding the 'required' modifier or declaring the property as nullable. [C:\Users\cwhor\Capstone\SubnetCalc\SubnetCalc.csproj]
C:\Users\cwhor\Capstone\SubnetCalc\Pages\SubnetResult.cs(8,23): warning CS8618: Non-nullable property 'FirstHost' must contain a non-null value when exiting constructor. Consider adding the 'required' modifier or declaring the property as nullable. [C:\Users\cwhor\Capstone\SubnetCalc\SubnetCalc.csproj]
C:\Users\cwhor\Capstone\SubnetCalc\Pages\SubnetResult.cs(9,23): warning CS8618: Non-nullable property 'LastHost' must contain a non-null value when exiting constructor. Consider adding the 'required' modifier or declaring the property as nullable. [C:\Users\cwhor\Capstone\SubnetCalc\SubnetCalc.csproj]
C:\Users\cwhor\Capstone\SubnetCalc\Pages\SubnetResult.cs(11,23): warning CS8618: Non-nullable property 'WildcardMask' must contain a non-null value when exiting constructor. Consider adding the 'required' modifier or declaring the property as nullable. [C:\Users\cwhor\Capstone\SubnetCalc\SubnetCalc.csproj]
C:\Users\cwhor\Capstone\SubnetCalc\Pages\SubnetResult.cs(12,23): warning CS8618: Non-nullable property 'BinaryMask' must contain a non-null value when exiting constructor. Consider adding the 'required' modifier or declaring the property as nullable. [C:\Users\cwhor\Capstone\SubnetCalc\SubnetCalc.csproj]
C:\Users\cwhor\Capstone\SubnetCalc\Pages\SubnetResult.cs(13,23): warning CS8618: Non-nullable property 'CidrNotation' must contain a non-null value when exiting constructor. Consider adding the 'required' modifier or declaring the property as nullable. [C:\Users\cwhor\Capstone\SubnetCalc\SubnetCalc.csproj]
C:\Users\cwhor\Capstone\SubnetCalc\Pages\SubnetResult.cs(14,23): warning CS8618: Non-nullable property 'Label' must contain a non-null value when exiting constructor. Consider adding the 'required' modifier or declaring the property as nullable. [C:\Users\cwhor\Capstone\SubnetCalc\SubnetCalc.csproj]
C:\Users\cwhor\Capstone\SubnetCalc\Pages\SubnetResult.cs(15,23): warning CS8618: Non-nullable property 'NetworkPortion' must contain a non-null value when exiting constructor. Consider adding the 'required' modifier or declaring the property as nullable. [C:\Users\cwhor\Capstone\SubnetCalc\SubnetCalc.csproj]
C:\Users\cwhor\Capstone\SubnetCalc\Pages\SubnetResult.cs(16,23): warning CS8618: Non-nullable property 'HostPortion' must contain a non-null value when exiting constructor. Consider adding the 'required' modifier or declaring the property as nullable. [C:\Users\cwhor\Capstone\SubnetCalc\SubnetCalc.csproj]
C:\Users\cwhor\Capstone\SubnetCalc\Pages\supernetting.cshtml.cs(86,23): warning CS8618: Non-nullable property 'Cidr' must contain a non-null value when exiting constructor. Consider adding the 'required' modifier or declaring the property as nullable. [C:\Users\cwhor\Capstone\SubnetCalc\SubnetCalc.csproj]
C:\Users\cwhor\Capstone\SubnetCalc\Pages\supernetting.cshtml.cs(87,23): warning CS8618: Non-nullable property 'Network' must contain a non-null value when exiting constructor. Consider adding the 'required' modifier or declaring the property as nullable. [C:\Users\cwhor\Capstone\SubnetCalc\SubnetCalc.csproj]
C:\Users\cwhor\Capstone\SubnetCalc\Pages\supernetting.cshtml.cs(88,23): warning CS8618: Non-nullable property 'Mask' must contain a non-null value when exiting constructor. Consider adding the 'required' modifier or declaring the property as nullable. [C:\Users\cwhor\Capstone\SubnetCalc\SubnetCalc.csproj]
C:\Users\cwhor\Capstone\SubnetCalc\Pages\supernetting.cshtml.cs(89,23): warning CS8618: Non-nullable property 'FirstHost' must contain a non-null value when exiting constructor. Consider adding the 'required' modifier or declaring the property as nullable. [C:\Users\cwhor\Capstone\SubnetCalc\SubnetCalc.csproj]
C:\Users\cwhor\Capstone\SubnetCalc\Pages\supernetting.cshtml.cs(90,23): warning CS8618: Non-nullable property 'LastHost' must contain a non-null value when exiting constructor. Consider adding the 'required' modifier or declaring the property as nullable. [C:\Users\cwhor\Capstone\SubnetCalc\SubnetCalc.csproj]
C:\Users\cwhor\Capstone\SubnetCalc\Pages\supernetting.cshtml.cs(28,31): warning CS8618: Non-nullable property 'Result' must contain a non-null value when exiting constructor. Consider adding the 'required' modifier or declaring the property as nullable. [C:\Users\cwhor\Capstone\SubnetCalc\SubnetCalc.csproj]
C:\Users\cwhor\Capstone\SubnetCalc\Pages\SubnetModel.cs(12,23): warning CS8618: Non-nullable property 'IpAddress' must contain a non-null value when exiting constructor. Consider adding the 'required' modifier or declaring the property as nullable. [C:\Users\cwhor\Capstone\SubnetCalc\SubnetCalc.csproj]
C:\Users\cwhor\Capstone\SubnetCalc\Pages\SubnetModel.cs(16,23): warning CS8618: Non-nullable property 'Cidr' must contain a non-null value when exiting constructor. Consider adding the 'required' modifier or declaring the property as nullable. [C:\Users\cwhor\Capstone\SubnetCalc\SubnetCalc.csproj]
C:\Users\cwhor\Capstone\SubnetCalc\Pages\SubnetModel.cs(19,29): warning CS8618: Non-nullable property 'Results' must contain a non-null value when exiting constructor. Consider adding the 'required' modifier or declaring the property as nullable. [C:\Users\cwhor\Capstone\SubnetCalc\SubnetCalc.csproj]
C:\Users\cwhor\Capstone\SubnetCalc\Pages\VLSM.cshtml.cs(34,47): warning CS8604: Possible null reference argument for parameter 's' in 'int int.Parse(string s)'. [C:\Users\cwhor\Capstone\SubnetCalc\SubnetCalc.csproj]
C:\Users\cwhor\Capstone\SubnetCalc\Pages\VLSM.cshtml.cs(11,23): warning CS8618: Non-nullable property 'BaseNetwork' must contain a non-null value when exiting constructor. Consider adding the 'required' modifier or declaring the property as nullable. [C:\Users\cwhor\Capstone\SubnetCalc\SubnetCalc.csproj]
C:\Users\cwhor\Capstone\SubnetCalc\Pages\VLSM.cshtml.cs(14,23): warning CS8618: Non-nullable property 'BaseCidr' must contain a non-null value when exiting constructor. Consider adding the 'required' modifier or declaring the property as nullable. [C:\Users\cwhor\Capstone\SubnetCalc\SubnetCalc.csproj]
C:\Users\cwhor\Capstone\SubnetCalc\Pages\VLSM.cshtml.cs(28,35): warning CS8618: Non-nullable property 'Results' must contain a non-null value when exiting constructor. Consider adding the 'required' modifier or declaring the property as nullable. [C:\Users\cwhor\Capstone\SubnetCalc\SubnetCalc.csproj]

Build FAILED.

C:\Users\cwhor\Capstone\SubnetCalc\Pages\Services\SubnetCalculator.cs(11,51): warning CS8600: Converting null literal or possible null value to non-nullable type. [C:\Users\cwhor\Capstone\SubnetCalc\SubnetCalc.csproj]
C:\Users\cwhor\Capstone\SubnetCalc\Pages\Services\SubnetCalculator.cs(24,50): warning CS8600: Converting null literal or possible null value to non-nullable type. [C:\Users\cwhor\Capstone\SubnetCalc\SubnetCalc.csproj]
C:\Users\cwhor\Capstone\SubnetCalc\Pages\SubnetResult.cs(5,23): warning CS8618: Non-nullable property 'NetworkAddress' must contain a non-null value when exiting constructor. Consider adding the 'required' modifier or declaring the property as nullable. [C:\Users\cwhor\Capstone\SubnetCalc\SubnetCalc.csproj]
C:\Users\cwhor\Capstone\SubnetCalc\Pages\SubnetResult.cs(6,23): warning CS8618: Non-nullable property 'SubnetMask' must contain a non-null value when exiting constructor. Consider adding the 'required' modifier or declaring the property as nullable. [C:\Users\cwhor\Capstone\SubnetCalc\SubnetCalc.csproj]
C:\Users\cwhor\Capstone\SubnetCalc\Pages\SubnetResult.cs(7,23): warning CS8618: Non-nullable property 'BroadcastAddress' must contain a non-null value when exiting constructor. Consider adding the 'required' modifier or declaring the property as nullable. [C:\Users\cwhor\Capstone\SubnetCalc\SubnetCalc.csproj]
C:\Users\cwhor\Capstone\SubnetCalc\Pages\SubnetResult.cs(8,23): warning CS8618: Non-nullable property 'FirstHost' must contain a non-null value when exiting constructor. Consider adding the 'required' modifier or declaring the property as nullable. [C:\Users\cwhor\Capstone\SubnetCalc\SubnetCalc.csproj]
C:\Users\cwhor\Capstone\SubnetCalc\Pages\SubnetResult.cs(9,23): warning CS8618: Non-nullable property 'LastHost' must contain a non-null value when exiting constructor. Consider adding the 'required' modifier or declaring the property as nullable. [C:\Users\cwhor\Capstone\SubnetCalc\SubnetCalc.csproj]
C:\Users\cwhor\Capstone\SubnetCalc\Pages\SubnetResult.cs(11,23): warning CS8618: Non-nullable property 'WildcardMask' must contain a non-null value when exiting constructor. Consider adding the 'required' modifier or declaring the property as nullable. [C:\Users\cwhor\Capstone\SubnetCalc\SubnetCalc.csproj]
C:\Users\cwhor\Capstone\SubnetCalc\Pages\SubnetResult.cs(12,23): warning CS8618: Non-nullable property 'BinaryMask' must contain a non-null value when exiting constructor. Consider adding the 'required' modifier or declaring the property as nullable. [C:\Users\cwhor\Capstone\SubnetCalc\SubnetCalc.csproj]
C:\Users\cwhor\Capstone\SubnetCalc\Pages\SubnetResult.cs(13,23): warning CS8618: Non-nullable property 'CidrNotation' must contain a non-null value when exiting constructor. Consider adding the 'required' modifier or declaring the property as nullable. [C:\Users\cwhor\Capstone\SubnetCalc\SubnetCalc.csproj]
C:\Users\cwhor\Capstone\SubnetCalc\Pages\SubnetResult.cs(14,23): warning CS8618: Non-nullable property 'Label' must contain a non-null value when exiting constructor. Consider adding the 'required' modifier or declaring the property as nullable. [C:\Users\cwhor\Capstone\SubnetCalc\SubnetCalc.csproj]
C:\Users\cwhor\Capstone\SubnetCalc\Pages\SubnetResult.cs(15,23): warning CS8618: Non-nullable property 'NetworkPortion' must contain a non-null value when exiting constructor. Consider adding the 'required' modifier or declaring the property as nullable. [C:\Users\cwhor\Capstone\SubnetCalc\SubnetCalc.csproj]
C:\Users\cwhor\Capstone\SubnetCalc\Pages\SubnetResult.cs(16,23): warning CS8618: Non-nullable property 'HostPortion' must contain a non-null value when exiting constructor. Consider adding the 'required' modifier or declaring the property as nullable. [C:\Users\cwhor\Capstone\SubnetCalc\SubnetCalc.csproj]
C:\Users\cwhor\Capstone\SubnetCalc\Pages\supernetting.cshtml.cs(86,23): warning CS8618: Non-nullable property 'Cidr' must contain a non-null value when exiting constructor. Consider adding the 'required' modifier or declaring the property as nullable. [C:\Users\cwhor\Capstone\SubnetCalc\SubnetCalc.csproj]
C:\Users\cwhor\Capstone\SubnetCalc\Pages\supernetting.cshtml.cs(87,23): warning CS8618: Non-nullable property 'Network' must contain a non-null value when exiting constructor. Consider adding the 'required' modifier or declaring the property as nullable. [C:\Users\cwhor\Capstone\SubnetCalc\SubnetCalc.csproj]
C:\Users\cwhor\Capstone\SubnetCalc\Pages\supernetting.cshtml.cs(88,23): warning CS8618: Non-nullable property 'Mask' must contain a non-null value when exiting constructor. Consider adding the 'required' modifier or declaring the property as nullable. [C:\Users\cwhor\Capstone\SubnetCalc\SubnetCalc.csproj]
C:\Users\cwhor\Capstone\SubnetCalc\Pages\supernetting.cshtml.cs(89,23): warning CS8618: Non-nullable property 'FirstHost' must contain a non-null value when exiting constructor. Consider adding the 'required' modifier or declaring the property as nullable. [C:\Users\cwhor\Capstone\SubnetCalc\SubnetCalc.csproj]
C:\Users\cwhor\Capstone\SubnetCalc\Pages\supernetting.cshtml.cs(90,23): warning CS8618: Non-nullable property 'LastHost' must contain a non-null value when exiting constructor. Consider adding the 'required' modifier or declaring the property as nullable. [C:\Users\cwhor\Capstone\SubnetCalc\SubnetCalc.csproj]
C:\Users\cwhor\Capstone\SubnetCalc\Pages\supernetting.cshtml.cs(28,31): warning CS8618: Non-nullable property 'Result' must contain a non-null value when exiting constructor. Consider adding the 'required' modifier or declaring the property as nullable. [C:\Users\cwhor\Capstone\SubnetCalc\SubnetCalc.csproj]
C:\Users\cwhor\Capstone\SubnetCalc\Pages\SubnetModel.cs(12,23): warning CS8618: Non-nullable property 'IpAddress' must contain a non-null value when exiting constructor. Consider adding the 'required' modifier or declaring the property as nullable. [C:\Users\cwhor\Capstone\SubnetCalc\SubnetCalc.csproj]
C:\Users\cwhor\Capstone\SubnetCalc\Pages\SubnetModel.cs(16,23): warning CS8618: Non-nullable property 'Cidr' must contain a non-null value when exiting constructor. Consider adding the 'required' modifier or declaring the property as nullable. [C:\Users\cwhor\Capstone\SubnetCalc\SubnetCalc.csproj]
C:\Users\cwhor\Capstone\SubnetCalc\Pages\SubnetModel.cs(19,29): warning CS8618: Non-nullable property 'Results' must contain a non-null value when exiting constructor. Consider adding the 'required' modifier or declaring the property as nullable. [C:\Users\cwhor\Capstone\SubnetCalc\SubnetCalc.csproj]
C:\Users\cwhor\Capstone\SubnetCalc\Pages\VLSM.cshtml.cs(34,47): warning CS8604: Possible null reference argument for parameter 's' in 'int int.Parse(string s)'. [C:\Users\cwhor\Capstone\SubnetCalc\SubnetCalc.csproj]
C:\Users\cwhor\Capstone\SubnetCalc\Pages\VLSM.cshtml.cs(11,23): warning CS8618: Non-nullable property 'BaseNetwork' must contain a non-null value when exiting constructor. Consider adding the 'required' modifier or declaring the property as nullable. [C:\Users\cwhor\Capstone\SubnetCalc\SubnetCalc.csproj]
C:\Users\cwhor\Capstone\SubnetCalc\Pages\VLSM.cshtml.cs(14,23): warning CS8618: Non-nullable property 'BaseCidr' must contain a non-null value when exiting constructor. Consider adding the 'required' modifier or declaring the property as nullable. [C:\Users\cwhor\Capstone\SubnetCalc\SubnetCalc.csproj]
C:\Users\cwhor\Capstone\SubnetCalc\Pages\VLSM.cshtml.cs(28,35): warning CS8618: Non-nullable property 'Results' must contain a non-null value when exiting constructor. Consider adding the 'required' modifier or declaring the property as nullable. [C:\Users\cwhor\Capstone\SubnetCalc\SubnetCalc.csproj]
C:\Users\cwhor\Capstone\SubnetCalc\Pages\Index.cshtml(131,1): error RZ2001: The 'page' directive may only occur once per document. [C:\Users\cwhor\Capstone\SubnetCalc\SubnetCalc.csproj]
C:\Users\cwhor\Capstone\SubnetCalc\Pages\Index.cshtml(132,1): error RZ2001: The 'model' directive may only occur once per document. [C:\Users\cwhor\Capstone\SubnetCalc\SubnetCalc.csproj]
    26 Warning(s)
    2 Error(s)

Time Elapsed 00:00:01.09

Workload updates are available. Run `dotnet workload list` for more information.
